<?xml version="1.0" encoding="UTF-8"?>
<!-- Generated by org.testng.reporters.JUnitReportReporter -->
<testsuite hostname="LAPTOP-93HFHMTN" failures="0" tests="4" name="june24.Sample3" time="0.019" errors="0" timestamp="2021-07-02T18:39:56 IST" skipped="0">
  <testcase classname="june24.Sample3" name="Banana" time="0.013"/>
  <system-out/>
  <testcase classname="june24.Sample3" name="Apple" time="0.002"/>
  <system-out/>
  <testcase classname="june24.Sample3" name="Mango" time="0.002"/>
  <system-out/>
  <testcase classname="june24.Sample3" name="Papaya" time="0.002"/>
  <system-out/>
</testsuite> <!-- june24.Sample3 -->
