<?xml version="1.0" encoding="UTF-8"?>
<!-- Generated by org.testng.reporters.JUnitReportReporter -->
<testsuite hostname="LAPTOP-93HFHMTN" failures="0" tests="1" name="june24.Sample2" time="0.007" errors="0" timestamp="2021-06-27T19:36:31 IST" skipped="0">
  <testcase classname="june24.Sample2" name="f" time="0.007"/>
  <system-out/>
</testsuite> <!-- june24.Sample2 -->
