<?xml version="1.0" encoding="UTF-8"?>
<!-- Generated by org.testng.reporters.JUnitReportReporter -->
<testsuite hostname="LAPTOP-93HFHMTN" failures="0" tests="2" name="june23.Demo1" time="0.014" errors="0" timestamp="2021-07-03T18:33:41 IST" skipped="0">
  <testcase classname="june23.Demo1" name="f" time="0.013"/>
  <system-out/>
  <testcase classname="june23.Demo1" name="f2" time="0.001"/>
  <system-out/>
</testsuite> <!-- june23.Demo1 -->
