<?xml version="1.0" encoding="UTF-8"?>
<!-- Generated by org.testng.reporters.JUnitReportReporter -->
<testsuite hostname="LAPTOP-93HFHMTN" failures="0" tests="1" name="june24.Sample1" time="0.006" errors="0" timestamp="2021-07-10T17:00:25 IST" skipped="0">
  <testcase classname="june24.Sample1" name="f" time="0.006"/>
  <system-out/>
</testsuite> <!-- june24.Sample1 -->
