<?xml version="1.0" encoding="UTF-8"?>
<!-- Generated by org.testng.reporters.JUnitReportReporter -->
<testsuite hostname="LAPTOP-93HFHMTN" failures="0" tests="3" name="june23.Demo2" time="0.016" errors="0" timestamp="2021-07-01T19:20:47 IST" skipped="0">
  <testcase classname="june23.Demo2" name="fox" time="0.002"/>
  <system-out/>
  <testcase classname="june23.Demo2" name="horse" time="0.008"/>
  <system-out/>
  <testcase classname="june23.Demo2" name="apple" time="0.006"/>
  <system-out/>
</testsuite> <!-- june23.Demo2 -->
