<?xml version="1.0" encoding="UTF-8"?>
<!-- Generated by org.testng.reporters.JUnitReportReporter -->
<testsuite hostname="LAPTOP-93HFHMTN" failures="0" tests="2" name="june23.Demo4" time="0.004" errors="0" timestamp="2021-06-24T12:47:57 IST" skipped="0">
  <testcase classname="june23.Demo4" name="Test2" time="0.001"/>
  <system-out/>
  <testcase classname="june23.Demo4" name="Test" time="0.003"/>
  <system-out/>
</testsuite> <!-- june23.Demo4 -->
