<?xml version="1.0" encoding="UTF-8"?>
<!-- Generated by org.testng.reporters.JUnitReportReporter -->
<testsuite hostname="LAPTOP-93HFHMTN" failures="0" tests="1" name="june28_log4j.LogTest" time="0.049" errors="0" timestamp="2021-07-18T18:45:11 IST" skipped="0">
  <testcase classname="june28_log4j.LogTest" name="Print" time="0.049"/>
  <system-out/>
</testsuite> <!-- june28_log4j.LogTest -->
