<?xml version="1.0" encoding="UTF-8"?>
<!-- Generated by org.testng.reporters.JUnitReportReporter -->
<testsuite hostname="LAPTOP-93HFHMTN" failures="0" tests="2" name="june23.Demo3" time="0.009" errors="0" timestamp="2021-07-10T16:58:37 IST" skipped="0">
  <testcase classname="june23.Demo3" name="method2" time="0.001"/>
  <system-out/>
  <testcase classname="june23.Demo3" name="method" time="0.008"/>
  <system-out/>
</testsuite> <!-- june23.Demo3 -->
